2021-08-27 12:20_전체 에러 
Traceback (most recent call last):
  File "C:\Users\kai\PycharmProjects\pythonProject\noname\noname\spiders\fnguide_report_spider.py", line 71, in parse
    self.fnguide_report_summary_scraping()
  File "C:\Users\kai\PycharmProjects\pythonProject\noname\noname\spiders\fnguide_report_spider.py", line 136, in fnguide_report_summary_scraping
    writer_name = report.find_element_by_xpath("./td[6]/span").text.split("\n")[1].strip()
IndexError: list index out of range
2021-08-27 17:00_초기 세팅 실패.
Traceback (most recent call last):
  File "C:\Users\kai\PycharmProjects\pythonProject\noname\noname\spiders\naver_news_spider.py", line 292, in initial_setting
    self.wait(2)
  File "C:\Users\kai\PycharmProjects\pythonProject\noname\noname\spiders\naver_news_spider.py", line 228, in wait
    if (search_count!=None) & (search_count >= self.scraping_count_goal):
TypeError: '>=' not supported between instances of 'NoneType' and 'int'
2021-08-27 17:00_전체 에러 
Traceback (most recent call last):
  File "C:\Users\kai\PycharmProjects\pythonProject\noname\noname\spiders\naver_news_spider.py", line 292, in initial_setting
    self.wait(2)
  File "C:\Users\kai\PycharmProjects\pythonProject\noname\noname\spiders\naver_news_spider.py", line 228, in wait
    if (search_count!=None) & (search_count >= self.scraping_count_goal):
TypeError: '>=' not supported between instances of 'NoneType' and 'int'

During handling of the above exception, another exception occurred:

Traceback (most recent call last):
  File "C:\Users\kai\PycharmProjects\pythonProject\noname\noname\spiders\naver_news_spider.py", line 65, in parse
    self.initial_setting()
  File "C:\Users\kai\PycharmProjects\pythonProject\noname\noname\spiders\naver_news_spider.py", line 310, in initial_setting
    self.wait(5+i)
  File "C:\Users\kai\PycharmProjects\pythonProject\noname\noname\spiders\naver_news_spider.py", line 228, in wait
    if (search_count!=None) & (search_count >= self.scraping_count_goal):
TypeError: '>=' not supported between instances of 'NoneType' and 'int'
